<html>
<body>
<pre>
<h1>µVision Build Log</h1>
<h2>Tool Versions:</h2>
IDE-Version: ¦ÌVision V5.27.0.0
Copyright (C) 2018 ARM Ltd and ARM Germany GmbH. All rights reserved.
License Information: Lea Lea, TJU, LIC=ZB4EI-T9YJ0-RA7DM-X734N-0AQNC-MCDJ8
 
Tool Versions:
Toolchain:       MDK-ARM Plus  Version: 5.27.0.0
Toolchain Path:  D:\Program Files (x86)\Keil_v5\ARM\ARMCC\Bin
C Compiler:      Armcc.exe V5.06 update 6 (build 750)
Assembler:       Armasm.exe V5.06 update 6 (build 750)
Linker/Locator:  ArmLink.exe V5.06 update 6 (build 750)
Library Manager: ArmAr.exe V5.06 update 6 (build 750)
Hex Converter:   FromElf.exe V5.06 update 6 (build 750)
CPU DLL:         SARMCM3.DLL V5.27.0.0
Dialog DLL:      DCM.DLL V1.17.2.0
Target DLL:      STLink\ST-LINKIII-KEIL_SWO.dll V3.0.5.0
Dialog DLL:      TCM.DLL V1.36.1.0
 
<h2>Project:</h2>
E:\STM32Projects\CXPI_TEST\MDK-ARM\STM32H733_TEST.uvprojx
Project File Date:  04/28/2021

<h2>Output:</h2>
*** Using Compiler 'V5.06 update 6 (build 750)', folder: 'D:\Program Files (x86)\Keil_v5\ARM\ARMCC\Bin'
Build target 'STM32H733_TEST'
compiling cxpi_master.c...
cxpi_master.c(35): warning:  #1-D: last line of file ends without a newline
  }
cxpi_master.c: 1 warning, 0 errors
compiling cxpi_hal.c...
cxpi_hal.c(25): warning:  #1-D: last line of file ends without a newline
  }
cxpi_hal.c: 1 warning, 0 errors
compiling cxpi_driver.c...
cxpi_driver.c(10): error:  #20: identifier "l_bool" is undefined
  l_bool l_sys_init (void)
cxpi_driver.c(12): warning:  #223-D: function "lin_main_init" declared implicitly
     lin_main_init();
cxpi_driver.c: 1 warning, 1 error
compiling cxpi_slave.c...
cxpi_slave.c(30): warning:  #1-D: last line of file ends without a newline
   }
cxpi_slave.c: 1 warning, 0 errors
compiling cxpi_config.c...
D:\Program Files (x86)\Keil_v5\ARM\ARMCC\Bin\..\include\rw/_defs.h(781): error:  #20: identifier "namespace" is undefined
  _RWSTD_NAMESPACE_BEGIN (__rw)
D:\Program Files (x86)\Keil_v5\ARM\ARMCC\Bin\..\include\rw/_defs.h(781): error:  #65: expected a ";"
  _RWSTD_NAMESPACE_BEGIN (__rw)
D:\Program Files (x86)\Keil_v5\ARM\ARMCC\Bin\..\include\limits(265): error:  #20: identifier "namespace" is undefined
  _RWSTD_NAMESPACE_BEGIN (std)
D:\Program Files (x86)\Keil_v5\ARM\ARMCC\Bin\..\include\limits(265): error:  #65: expected a ";"
  _RWSTD_NAMESPACE_BEGIN (std)
D:\Program Files (x86)\Keil_v5\ARM\ARMCC\Bin\..\include\limits(294): error:  #20: identifier "_TypeT" is undefined
      static _TypeT min () _THROWS (()) { return 0; }
D:\Program Files (x86)\Keil_v5\ARM\ARMCC\Bin\..\include\limits(295): error:  #20: identifier "_TypeT" is undefined
      static _TypeT max () _THROWS (()) { return 0; }
D:\Program Files (x86)\Keil_v5\ARM\ARMCC\Bin\..\include\limits(300): error:  #20: identifier "bool" is undefined
      _RWSTD_STATIC_CONST (bool, is_signed  = false);
KB: Unexpected type: 0
error type>(300): error:  #20: identifier "false" is undefined
      _RWSTD_STATIC_CONST (bool, is_signed  = false);
D:\Program Files (x86)\Keil_v5\ARM\ARMCC\Bin\..\include\limits(301): error:  #20: identifier "bool" is undefined
      _RWSTD_STATIC_CONST (bool, is_integer = false);
KB: Unexpected type: 0
error type>(302): error:  #20: identifier "bool" is undefined
      _RWSTD_STATIC_CONST (bool, is_exact   = false);
KB: Unexpected type: 0
error type>(306): error:  #20: identifier "_TypeT" is undefined
      static _TypeT epsilon () _THROWS (()) { return 0; }
D:\Program Files (x86)\Keil_v5\ARM\ARMCC\Bin\..\include\limits(307): error:  #20: identifier "_TypeT" is undefined
      static _TypeT round_error () _THROWS (()) { return 0; }
D:\Program Files (x86)\Keil_v5\ARM\ARMCC\Bin\..\include\limits(314): error:  #20: identifier "bool" is undefined
      _RWSTD_STATIC_CONST (bool, has_infinity             = false);
KB: Unexpected type: 0
error type>(315): error:  #20: identifier "bool" is undefined
      _RWSTD_STATIC_CONST (bool, has_quiet_NaN            = false);
KB: Unexpected type: 0
error type>(316): error:  #20: identifier "bool" is undefined
      _RWSTD_STATIC_CONST (bool, has_signaling_NaN        = false);
KB: Unexpected type: 0
error type>(317): error:  #20: identifier "float_denorm_style" is undefined
      _RWSTD_STATIC_CONST (float_denorm_style, has_denorm = denorm_absent);
KB: Unexpected type: 0
error type>(317): error:  #20: identifier "denorm_absent" is undefined
      _RWSTD_STATIC_CONST (float_denorm_style, has_denorm = denorm_absent);
D:\Program Files (x86)\Keil_v5\ARM\ARMCC\Bin\..\include\limits(318): error:  #20: identifier "bool" is undefined
      _RWSTD_STATIC_CONST (bool, has_denorm_loss          = false);
KB: Unexpected type: 0
error type>(320): error:  #20: identifier "_TypeT" is undefined
      static _TypeT infinity () _THROWS (()) { return 0; }
D:\Program Files (x86)\Keil_v5\ARM\ARMCC\Bin\..\include\limits(321): error:  #20: identifier "_TypeT" is undefined
      static _TypeT quiet_NaN () _THROWS (()) { return 0; }
D:\Program Files (x86)\Keil_v5\ARM\ARMCC\Bin\..\include\limits(322): error:  #20: identifier "_TypeT" is undefined
      static _TypeT signaling_NaN () _THROWS (()) { return 0; }
D:\Program Files (x86)\Keil_v5\ARM\ARMCC\Bin\..\include\limits(323): error:  #20: identifier "_TypeT" is undefined
      static _TypeT denorm_min () _THROWS (()) { return 0; }
D:\Program Files (x86)\Keil_v5\ARM\ARMCC\Bin\..\include\limits(325): error:  #20: identifier "bool" is undefined
      _RWSTD_STATIC_CONST (bool, is_iec559        = false);
KB: Unexpected type: 0
error type>(326): error:  #20: identifier "bool" is undefined
      _RWSTD_STATIC_CONST (bool, is_bounded       = false);
KB: Unexpected type: 0
error type>(327): error:  #20: identifier "bool" is undefined
      _RWSTD_STATIC_CONST (bool, is_modulo        = false);
KB: Unexpected type: 0
error type>(328): error:  #20: identifier "bool" is undefined
      _RWSTD_STATIC_CONST (bool, traps            = false);
KB: Unexpected type: 0
error type>(329): error:  #20: identifier "bool" is undefined
      _RWSTD_STATIC_CONST (bool, tinyness_before  = false);
KB: Unexpected type: 0
error type>(330): error:  #20: identifier "float_round_style" is undefined
      _RWSTD_STATIC_CONST (float_round_style, round_style = round_toward_zero);
KB: Unexpected type: 0
error type>(330): error:  #20: identifier "round_toward_zero" is undefined
      _RWSTD_STATIC_CONST (float_round_style, round_style = round_toward_zero);
D:\Program Files (x86)\Keil_v5\ARM\ARMCC\Bin\..\include\limits(331): error:  #169: expected a declaration
  };
cxpi_config.c: 0 warnings, 30 errors
compiling fdcan.c...
compiling usart.c...
compiling stm32h7xx_hal_hsem.c...
compiling stm32h7xx_it.c...
compiling tim.c...
compiling main.c...
..\MDK-ARM\cxpi_master.c(35): warning:  #1-D: last line of file ends without a newline
  }
..\MDK-ARM\cxpi_hal.c(14): error:  #40: expected an identifier
  	enum cxpi_state {idle=0,Ptype,PID,Frame_info,Data_bytes,CRC} uart_reg_stat;
..\MDK-ARM\cxpi_hal.c(21): warning:  #3642-D: this constant expression has type "CRC_TypeDef *" instead of the required "int" type
  		case CRC: break;
..\MDK-ARM\cxpi_hal.c(25): warning:  #1-D: last line of file ends without a newline
  }
D:\Program Files (x86)\Keil_v5\ARM\ARMCC\Bin\..\include\rw/_defs.h(781): error:  #20: identifier "namespace" is undefined
  _RWSTD_NAMESPACE_BEGIN (__rw)
D:\Program Files (x86)\Keil_v5\ARM\ARMCC\Bin\..\include\rw/_defs.h(781): error:  #65: expected a ";"
  _RWSTD_NAMESPACE_BEGIN (__rw)
D:\Program Files (x86)\Keil_v5\ARM\ARMCC\Bin\..\include\limits(265): error:  #20: identifier "namespace" is undefined
  _RWSTD_NAMESPACE_BEGIN (std)
D:\Program Files (x86)\Keil_v5\ARM\ARMCC\Bin\..\include\limits(265): error:  #65: expected a ";"
  _RWSTD_NAMESPACE_BEGIN (std)
D:\Program Files (x86)\Keil_v5\ARM\ARMCC\Bin\..\include\limits(294): error:  #20: identifier "_TypeT" is undefined
      static _TypeT min () _THROWS (()) { return 0; }
D:\Program Files (x86)\Keil_v5\ARM\ARMCC\Bin\..\include\limits(295): error:  #20: identifier "_TypeT" is undefined
      static _TypeT max () _THROWS (()) { return 0; }
D:\Program Files (x86)\Keil_v5\ARM\ARMCC\Bin\..\include\limits(300): error:  #20: identifier "bool" is undefined
      _RWSTD_STATIC_CONST (bool, is_signed  = false);
KB: Unexpected type: 0
error type>(300): error:  #20: identifier "false" is undefined
      _RWSTD_STATIC_CONST (bool, is_signed  = false);
D:\Program Files (x86)\Keil_v5\ARM\ARMCC\Bin\..\include\limits(301): error:  #20: identifier "bool" is undefined
      _RWSTD_STATIC_CONST (bool, is_integer = false);
KB: Unexpected type: 0
error type>(302): error:  #20: identifier "bool" is undefined
      _RWSTD_STATIC_CONST (bool, is_exact   = false);
KB: Unexpected type: 0
error type>(306): error:  #20: identifier "_TypeT" is undefined
      static _TypeT epsilon () _THROWS (()) { return 0; }
D:\Program Files (x86)\Keil_v5\ARM\ARMCC\Bin\..\include\limits(307): error:  #20: identifier "_TypeT" is undefined
      static _TypeT round_error () _THROWS (()) { return 0; }
D:\Program Files (x86)\Keil_v5\ARM\ARMCC\Bin\..\include\limits(314): error:  #20: identifier "bool" is undefined
      _RWSTD_STATIC_CONST (bool, has_infinity             = false);
KB: Unexpected type: 0
error type>(315): error:  #20: identifier "bool" is undefined
      _RWSTD_STATIC_CONST (bool, has_quiet_NaN            = false);
KB: Unexpected type: 0
error type>(316): error:  #20: identifier "bool" is undefined
      _RWSTD_STATIC_CONST (bool, has_signaling_NaN        = false);
KB: Unexpected type: 0
error type>(317): error:  #20: identifier "float_denorm_style" is undefined
      _RWSTD_STATIC_CONST (float_denorm_style, has_denorm = denorm_absent);
KB: Unexpected type: 0
error type>(317): error:  #20: identifier "denorm_absent" is undefined
      _RWSTD_STATIC_CONST (float_denorm_style, has_denorm = denorm_absent);
D:\Program Files (x86)\Keil_v5\ARM\ARMCC\Bin\..\include\limits(318): error:  #20: identifier "bool" is undefined
      _RWSTD_STATIC_CONST (bool, has_denorm_loss          = false);
KB: Unexpected type: 0
error type>(320): error:  #20: identifier "_TypeT" is undefined
      static _TypeT infinity () _THROWS (()) { return 0; }
D:\Program Files (x86)\Keil_v5\ARM\ARMCC\Bin\..\include\limits(321): error:  #20: identifier "_TypeT" is undefined
      static _TypeT quiet_NaN () _THROWS (()) { return 0; }
D:\Program Files (x86)\Keil_v5\ARM\ARMCC\Bin\..\include\limits(322): error:  #20: identifier "_TypeT" is undefined
      static _TypeT signaling_NaN () _THROWS (()) { return 0; }
D:\Program Files (x86)\Keil_v5\ARM\ARMCC\Bin\..\include\limits(323): error:  #20: identifier "_TypeT" is undefined
      static _TypeT denorm_min () _THROWS (()) { return 0; }
D:\Program Files (x86)\Keil_v5\ARM\ARMCC\Bin\..\include\limits(325): error:  #20: identifier "bool" is undefined
      _RWSTD_STATIC_CONST (bool, is_iec559        = false);
KB: Unexpected type: 0
error type>(326): error:  #20: identifier "bool" is undefined
      _RWSTD_STATIC_CONST (bool, is_bounded       = false);
KB: Unexpected type: 0
error type>(327): error:  #20: identifier "bool" is undefined
      _RWSTD_STATIC_CONST (bool, is_modulo        = false);
KB: Unexpected type: 0
error type>(328): error:  #20: identifier "bool" is undefined
      _RWSTD_STATIC_CONST (bool, traps            = false);
KB: Unexpected type: 0
error type>(329): error:  #20: identifier "bool" is undefined
      _RWSTD_STATIC_CONST (bool, tinyness_before  = false);
KB: Unexpected type: 0
error type>(330): error:  #20: identifier "float_round_style" is undefined
      _RWSTD_STATIC_CONST (float_round_style, round_style = round_toward_zero);
KB: Unexpected type: 0
error type>(330): error:  #20: identifier "round_toward_zero" is undefined
      _RWSTD_STATIC_CONST (float_round_style, round_style = round_toward_zero);
../Core/Src/main.c: 3 warnings, 30 errors
compiling gpio.c...
compiling stm32h7xx_hal_cortex.c...
compiling stm32h7xx_hal_msp.c...
compiling stm32h7xx_hal_flash.c...
compiling stm32h7xx_hal_gpio.c...
compiling stm32h7xx_hal_flash_ex.c...
compiling stm32h7xx_hal_rcc.c...
compiling stm32h7xx_hal_rcc_ex.c...
compiling stm32h7xx_hal_dma.c...
compiling stm32h7xx_hal_mdma.c...
compiling stm32h7xx_hal_pwr.c...
compiling stm32h7xx_hal_i2c_ex.c...
compiling stm32h7xx_hal_dma_ex.c...
compiling stm32h7xx_hal_exti.c...
compiling stm32h7xx_hal_tim_ex.c...
compiling stm32h7xx_hal.c...
compiling system_stm32h7xx.c...
compiling stm32h7xx_hal_uart.c...
compiling stm32h7xx_hal_pwr_ex.c...
compiling stm32h7xx_hal_uart_ex.c...
compiling stm32h7xx_hal_fdcan.c...
compiling stm32h7xx_hal_tim.c...
compiling stm32h7xx_hal_i2c.c...
"STM32H733_TEST\STM32H733_TEST.axf" - 61 Error(s), 7 Warning(s).

<h2>Software Packages used:</h2>

Package Vendor: ARM
                http://www.keil.com/pack/ARM.CMSIS.5.4.0.pack
                ARM.CMSIS.5.4.0
                CMSIS (Cortex Microcontroller Software Interface Standard)
   * Component: CORE Version: 5.1.2

Package Vendor: Keil
                https://www.keil.com/pack/Keil.STM32H7xx_DFP.2.7.0.pack
                Keil.STM32H7xx_DFP.2.7.0
                STMicroelectronics STM32H7 Series Device Support and Examples

<h2>Collection of Component include folders:</h2>
  .\RTE\_STM32H733_TEST
  D:\Program Files (x86)\Keil_v5\ARM\PACK\ARM\CMSIS\5.4.0\CMSIS\Core\Include
  D:\Program Files (x86)\Keil_v5\ARM\PACK\Keil\STM32H7xx_DFP\2.7.0\Drivers\CMSIS\Device\ST\STM32H7xx\Include

<h2>Collection of Component Files used:</h2>

   * Component: ARM::CMSIS:CORE:5.1.2
Target not created.
Build Time Elapsed:  00:00:59
</pre>
</body>
</html>
